生成启动时间为 2011/1/14 20:19:50。
     1>项目“D:\Documents\Visual Studio 2010\Projects\ogl_learning\ogl_learning\ogl_learning.vcxproj”在节点 2 上(build 个目标)。
     1>InitializeBuildStatus:
         正在创建“Debug\ogl_learning.unsuccessfulbuild”，因为已指定“AlwaysCreate”。
       ClCompile:
         所有输出均为最新。
         C:\Program Files\Microsoft Visual Studio 10.0\VC\bin\CL.exe /c /ZI /nologo /W3 /WX- /Od /Oy- /D WIN32 /D _DEBUG /D _CONSOLE /D _UNICODE /D UNICODE /Gm /EHsc /RTC1 /MDd /GS /fp:precise /Zc:wchar_t /Zc:forScope /Yu"StdAfx.h" /Fp"Debug\ogl_learning.pch" /Fo"Debug\\" /Fd"Debug\vc100.pdb" /Gd /TP /analyze- /errorReport:prompt ogl_learning.cpp
         ogl_learning.cpp
     1>d:\documents\visual studio 2010\projects\ogl_learning\ogl_learning\ogl_learning.cpp(75): warning C4305: “初始化”: 从“double”到“GLfloat”截断
     1>d:\documents\visual studio 2010\projects\ogl_learning\ogl_learning\ogl_learning.cpp(75): warning C4305: “初始化”: 从“double”到“GLfloat”截断
     1>d:\documents\visual studio 2010\projects\ogl_learning\ogl_learning\ogl_learning.cpp(75): warning C4305: “初始化”: 从“double”到“GLfloat”截断
     1>d:\documents\visual studio 2010\projects\ogl_learning\ogl_learning\ogl_learning.cpp(75): warning C4305: “初始化”: 从“double”到“GLfloat”截断
     1>d:\documents\visual studio 2010\projects\ogl_learning\ogl_learning\ogl_learning.cpp(75): warning C4305: “初始化”: 从“double”到“GLfloat”截断
     1>d:\documents\visual studio 2010\projects\ogl_learning\ogl_learning\ogl_learning.cpp(75): warning C4305: “初始化”: 从“double”到“GLfloat”截断
     1>d:\documents\visual studio 2010\projects\ogl_learning\ogl_learning\ogl_learning.cpp(75): warning C4305: “初始化”: 从“double”到“GLfloat”截断
     1>d:\documents\visual studio 2010\projects\ogl_learning\ogl_learning\ogl_learning.cpp(75): warning C4305: “初始化”: 从“double”到“GLfloat”截断
       ManifestResourceCompile:
         所有输出均为最新。
       Link:
         C:\Program Files\Microsoft Visual Studio 10.0\VC\bin\link.exe /ERRORREPORT:PROMPT /OUT:"D:\Documents\Visual Studio 2010\Projects\ogl_learning\Debug\ogl_learning.exe" /INCREMENTAL /NOLOGO kernel32.lib user32.lib gdi32.lib winspool.lib comdlg32.lib advapi32.lib shell32.lib ole32.lib oleaut32.lib uuid.lib odbc32.lib odbccp32.lib /MANIFEST /ManifestFile:"Debug\ogl_learning.exe.intermediate.manifest" /MANIFESTUAC:"level='asInvoker' uiAccess='false'" /DEBUG /PDB:"D:\Documents\Visual Studio 2010\Projects\ogl_learning\Debug\ogl_learning.pdb" /SUBSYSTEM:CONSOLE /TLBID:1 /DYNAMICBASE /NXCOMPAT /IMPLIB:"D:\Documents\Visual Studio 2010\Projects\ogl_learning\Debug\ogl_learning.lib" /MACHINE:X86 Debug\ogl_learning.exe.embed.manifest.res
         Debug\cad_example.obj
         Debug\ogl_learning.obj
         Debug\stdafx.obj
         Debug\test.obj
       Manifest:
         C:\Program Files\Microsoft SDKs\Windows\v7.0A\bin\mt.exe /nologo /verbose /out:"Debug\ogl_learning.exe.embed.manifest" /manifest Debug\ogl_learning.exe.intermediate.manifest
         所有输出均为最新。
       LinkEmbedManifest:
         所有输出均为最新。
         ogl_learning.vcxproj -> D:\Documents\Visual Studio 2010\Projects\ogl_learning\Debug\ogl_learning.exe
       FinalizeBuildStatus:
         正在删除文件“Debug\ogl_learning.unsuccessfulbuild”。
         正在对“Debug\ogl_learning.lastbuildstate”执行 Touch 任务。
     1>已完成生成项目“D:\Documents\Visual Studio 2010\Projects\ogl_learning\ogl_learning\ogl_learning.vcxproj”(build 个目标)的操作。

生成成功。

已用时间 00:00:01.38
